# JRE version: Java(TM) SE Runtime Environment (8.0_111-b14) (build 1.8.0_111-b14)
# Java VM: Java HotSpot(TM) 64-Bit Server VM (25.111-b14 mixed mode windows-amd64 compressed oops)
Heap:
 PSYoungGen      total 159232K, used 42021K [0x00000000d5d00000, 0x00000000e0300000, 0x0000000100000000)
  eden space 152576K, 23% used [0x00000000d5d00000,0x00000000d8087978,0x00000000df200000)
  from space 6656K, 84% used [0x00000000dfc80000,0x00000000e0201d38,0x00000000e0300000)
  to   space 8704K, 0% used [0x00000000df200000,0x00000000df200000,0x00000000dfa80000)
 ParOldGen       total 61952K, used 7427K [0x0000000081600000, 0x0000000085280000, 0x00000000d5d00000)
  object space 61952K, 11% used [0x0000000081600000,0x0000000081d40e60,0x0000000085280000)
 Metaspace       used 23044K, capacity 23974K, committed 24112K, reserved 1071104K
  class space    used 3064K, capacity 3289K, committed 3376K, reserved 1048576K
GC Heap History (10 events):
Event: 4.726 GC heap before
{Heap before GC invocations=5 (full 1):
 PSYoungGen      total 38400K, used 35341K [0x00000000d5d00000, 0x00000000d9380000, 0x0000000100000000)
  eden space 33280K, 99% used [0x00000000d5d00000,0x00000000d7d7dd60,0x00000000d7d80000)
  from space 5120K, 40% used [0x00000000d7d80000,0x00000000d7f85830,0x00000000d8280000)
  to   space 5120K, 0% used [0x00000000d8e80000,0x00000000d8e80000,0x00000000d9380000)
 ParOldGen       total 61952K, used 6714K [0x0000000081600000, 0x0000000085280000, 0x00000000d5d00000)
  object space 61952K, 10% used [0x0000000081600000,0x0000000081c8eac0,0x0000000085280000)
 Metaspace       used 21716K, capacity 22536K, committed 22704K, reserved 1069056K
  class space    used 2980K, capacity 3208K, committed 3248K, reserved 1048576K
Event: 4.728 GC heap after
Heap after GC invocations=5 (full 1):
 PSYoungGen      total 50688K, used 940K [0x00000000d5d00000, 0x00000000da080000, 0x0000000100000000)
  eden space 45568K, 0% used [0x00000000d5d00000,0x00000000d5d00000,0x00000000d8980000)
  from space 5120K, 18% used [0x00000000d8e80000,0x00000000d8f6b0e8,0x00000000d9380000)
  to   space 5120K, 0% used [0x00000000d8980000,0x00000000d8980000,0x00000000d8e80000)
 ParOldGen       total 61952K, used 6722K [0x0000000081600000, 0x0000000085280000, 0x00000000d5d00000)
  object space 61952K, 10% used [0x0000000081600000,0x0000000081c90ac0,0x0000000085280000)
 Metaspace       used 21716K, capacity 22536K, committed 22704K, reserved 1069056K
  class space    used 2980K, capacity 3208K, committed 3248K, reserved 1048576K
}
Event: 4.739 GC heap before
{Heap before GC invocations=6 (full 1):
 PSYoungGen      total 50688K, used 46411K [0x00000000d5d00000, 0x00000000da080000, 0x0000000100000000)
  eden space 45568K, 99% used [0x00000000d5d00000,0x00000000d8967ba8,0x00000000d8980000)
  from space 5120K, 18% used [0x00000000d8e80000,0x00000000d8f6b0e8,0x00000000d9380000)
  to   space 5120K, 0% used [0x00000000d8980000,0x00000000d8980000,0x00000000d8e80000)
 ParOldGen       total 61952K, used 6722K [0x0000000081600000, 0x0000000085280000, 0x00000000d5d00000)
  object space 61952K, 10% used [0x0000000081600000,0x0000000081c90ac0,0x0000000085280000)
 Metaspace       used 21716K, capacity 22536K, committed 22704K, reserved 1069056K
  class space    used 2980K, capacity 3208K, committed 3248K, reserved 1048576K
Event: 4.741 GC heap after
Heap after GC invocations=6 (full 1):
 PSYoungGen      total 50688K, used 960K [0x00000000d5d00000, 0x00000000dbf00000, 0x0000000100000000)
  eden space 45568K, 0% used [0x00000000d5d00000,0x00000000d5d00000,0x00000000d8980000)
  from space 5120K, 18% used [0x00000000d8980000,0x00000000d8a70050,0x00000000d8e80000)
  to   space 8192K, 0% used [0x00000000db700000,0x00000000db700000,0x00000000dbf00000)
 ParOldGen       total 61952K, used 6722K [0x0000000081600000, 0x0000000085280000, 0x00000000d5d00000)
  object space 61952K, 10% used [0x0000000081600000,0x0000000081c90ac0,0x0000000085280000)
 Metaspace       used 21716K, capacity 22536K, committed 22704K, reserved 1069056K
  class space    used 2980K, capacity 3208K, committed 3248K, reserved 1048576K
}
Event: 4.751 GC heap before
{Heap before GC invocations=7 (full 1):
 PSYoungGen      total 50688K, used 46420K [0x00000000d5d00000, 0x00000000dbf00000, 0x0000000100000000)
  eden space 45568K, 99% used [0x00000000d5d00000,0x00000000d89652f0,0x00000000d8980000)
  from space 5120K, 18% used [0x00000000d8980000,0x00000000d8a70050,0x00000000d8e80000)
  to   space 8192K, 0% used [0x00000000db700000,0x00000000db700000,0x00000000dbf00000)
 ParOldGen       total 61952K, used 6722K [0x0000000081600000, 0x0000000085280000, 0x00000000d5d00000)
  object space 61952K, 10% used [0x0000000081600000,0x0000000081c90ac0,0x0000000085280000)
 Metaspace       used 21718K, capacity 22536K, committed 22704K, reserved 1069056K
  class space    used 2980K, capacity 3208K, committed 3248K, reserved 1048576K
Event: 4.754 GC heap after
Heap after GC invocations=7 (full 1):
 PSYoungGen      total 92160K, used 919K [0x00000000d5d00000, 0x00000000dc080000, 0x0000000100000000)
  eden space 83968K, 0% used [0x00000000d5d00000,0x00000000d5d00000,0x00000000daf00000)
  from space 8192K, 11% used [0x00000000db700000,0x00000000db7e5db8,0x00000000dbf00000)
  to   space 8192K, 0% used [0x00000000daf00000,0x00000000daf00000,0x00000000db700000)
 ParOldGen       total 61952K, used 6722K [0x0000000081600000, 0x0000000085280000, 0x00000000d5d00000)
  object space 61952K, 10% used [0x0000000081600000,0x0000000081c90ac0,0x0000000085280000)
 Metaspace       used 21718K, capacity 22536K, committed 22704K, reserved 1069056K
  class space    used 2980K, capacity 3208K, committed 3248K, reserved 1048576K
}
Event: 4.793 GC heap before
{Heap before GC invocations=8 (full 1):
 PSYoungGen      total 92160K, used 84807K [0x00000000d5d00000, 0x00000000dc080000, 0x0000000100000000)
  eden space 83968K, 99% used [0x00000000d5d00000,0x00000000daeec1e8,0x00000000daf00000)
  from space 8192K, 11% used [0x00000000db700000,0x00000000db7e5db8,0x00000000dbf00000)
  to   space 8192K, 0% used [0x00000000daf00000,0x00000000daf00000,0x00000000db700000)
 ParOldGen       total 61952K, used 6722K [0x0000000081600000, 0x0000000085280000, 0x00000000d5d00000)
  object space 61952K, 10% used [0x0000000081600000,0x0000000081c90ac0,0x0000000085280000)
 Metaspace       used 21718K, capacity 22536K, committed 22704K, reserved 1069056K
  class space    used 2980K, capacity 3208K, committed 3248K, reserved 1048576K
Event: 4.795 GC heap after
Heap after GC invocations=8 (full 1):
 PSYoungGen      total 92160K, used 1020K [0x00000000d5d00000, 0x00000000e0400000, 0x0000000100000000)
  eden space 83968K, 0% used [0x00000000d5d00000,0x00000000d5d00000,0x00000000daf00000)
  from space 8192K, 12% used [0x00000000daf00000,0x00000000dafff278,0x00000000db700000)
  to   space 7680K, 0% used [0x00000000dfc80000,0x00000000dfc80000,0x00000000e0400000)
 ParOldGen       total 61952K, used 6722K [0x0000000081600000, 0x0000000085280000, 0x00000000d5d00000)
  object space 61952K, 10% used [0x0000000081600000,0x0000000081c90ac0,0x0000000085280000)
 Metaspace       used 21718K, capacity 22536K, committed 22704K, reserved 1069056K
  class space    used 2980K, capacity 3208K, committed 3248K, reserved 1048576K
}
Event: 7.168 GC heap before
{Heap before GC invocations=9 (full 1):
 PSYoungGen      total 92160K, used 84988K [0x00000000d5d00000, 0x00000000e0400000, 0x0000000100000000)
  eden space 83968K, 100% used [0x00000000d5d00000,0x00000000daf00000,0x00000000daf00000)
  from space 8192K, 12% used [0x00000000daf00000,0x00000000dafff278,0x00000000db700000)
  to   space 7680K, 0% used [0x00000000dfc80000,0x00000000dfc80000,0x00000000e0400000)
 ParOldGen       total 61952K, used 6722K [0x0000000081600000, 0x0000000085280000, 0x00000000d5d00000)
  object space 61952K, 10% used [0x0000000081600000,0x0000000081c90ac0,0x0000000085280000)
 Metaspace       used 22818K, capacity 23706K, committed 23856K, reserved 1069056K
  class space    used 3064K, capacity 3289K, committed 3376K, reserved 1048576K
Event: 7.173 GC heap after
Heap after GC invocations=9 (full 1):
 PSYoungGen      total 159232K, used 5639K [0x00000000d5d00000, 0x00000000e0300000, 0x0000000100000000)
  eden space 152576K, 0% used [0x00000000d5d00000,0x00000000d5d00000,0x00000000df200000)
  from space 6656K, 84% used [0x00000000dfc80000,0x00000000e0201d38,0x00000000e0300000)
  to   space 8704K, 0% used [0x00000000df200000,0x00000000df200000,0x00000000dfa80000)
 ParOldGen       total 61952K, used 7427K [0x0000000081600000, 0x0000000085280000, 0x00000000d5d00000)
  object space 61952K, 11% used [0x0000000081600000,0x0000000081d40e60,0x0000000085280000)
 Metaspace       used 22818K, capacity 23706K, committed 23856K, reserved 1069056K
  class space    used 3064K, capacity 3289K, committed 3376K, reserved 1048576K
}

